-------- Log file tidalearth.log -------

Executable: /home/jcbmgd/anaconda3/bin/vplanet
Version: Unknown
System Name: tidalearth
Primary Input File: vpl.in
Body File #1: sun.in
Body File #2: c.in
Allow files to be overwitten: Yes
Mass Units: Grams
Length Units: Meters
Time Units: Seconds
Angle Units: Radians

------- FORMATTING -----
Verbosity Level: 5
Crossover Decade for Scientific Notation: 4
Number of Digits After Decimal: 6
Integration Method: Runge-Kutta4
Direction: Forward
Time Step: 3.155760e+07
Stop Time: 2.272147e+17
Output Interval: 3.155760e+12
Use Variable Timestep: Yes
dEta: 0.001000
Minimum Value of ecc and obl: 1.000000e-10


---- INITIAL SYSTEM PROPERTIES ----
(Age) System Age [sec]: 0.000000 
(Time) Simulation Time [sec]: 0.000000 
(TotAngMom) Total Angular Momentum [kg*m^2/sec]: 5.935260e+40 
(TotEnergy) Total System Energy [kg*m^2/sec^2]: -2.036614e+40 
(PotEnergy) Body's non-orbital Potential Energy [kg*m^2/sec^2]: -2.036790e+40 
(KinEnergy) Body's non-orbital Kinetic Energy [kg*m^2/sec^2]: 1.817220e+36 
(DeltaTime) Average Timestep Over Last Output Interval [sec]: 0.000000 

----- BODY: sun ----
Active Modules: EqTide STELLAR
Module Bit Sum: 67
Color: 000000
(Mass) Mass [kg]: 2.346331e+29 
(Obliquity) Obliquity [rad]: 0.000000 
(PrecA) Body's precession angle [rad]: 0.000000 
(Xobl) Body's sin(obliquity)*cos(precession angle) []: 0.000000 
(Yobl) Body's sin(obliquity)*sin(precession angle) []: 0.000000 
(Zobl) Body's cos(obliquity) []: 1.000000 
(Radius) Radius [m]: 1.082400e+08 
(RadGyra) Radius of Gyration/Moment of Inertia Constant []: 0.500000 
(RotAngMom) Rotational Angular Momentum [kg*m^2/sec]: 4.997713e+40 
(RotKinEnergy) Body's Rotational Energy [kg*m^2/sec^2]: 1.817220e+36 
(RotVel) Rotational Velocity [m/sec]: 7871.438080 
(BodyType) Type of Body (0 == planet) []: 0.000000 
(RotRate) Rotational Frequency [/sec]: 7.272205e-05 
(RotPer) Rotational Period [sec]: 8.640000e+04 
(Density) Average Density [kg/m^3]: 4.417095e+04 
(SurfEnFluxTotal) Total Surface Energy Flux [kg*m^2/sec^2/(m^2*sec)]: 8.553493e-05 
(TidalQ) Tidal Q []: 1.000000e+06 
(ImK2) Im(k_2) []: -1.500000e-06 
(K2) k_2 []: 1.500000 
(K2Man) Real Love Number k2 Mantle []: 0.010000 
(Imk2Man) Imaginary Love Number k2 Mantle []: 0.000000 
(TidalQMantle) Mantle's Tidal Q []: 100.000000 
(HEcc) Poincare's h (=e*sin(varpi) []: 0.000000 
(HZLimitDryRunaway) Semi-major axis of Dry Runaway HZ Limit [m]: 1.933828e+28 
(HZLimRecVenus) Recent Venus HZ Limit [m]: 1.593583e+28 
(HZLimRunaway) Runaway Greenhouse HZ Limit [m]: 2.080916e+28 
(HZLimMoistGreenhouse) Moist Greenhouse HZ Limit [m]: 2.108557e+28 
(HZLimMaxGreenhouse) Maximum Greenhouse HZ Limit [m]: 3.574093e+28 
(HZLimEarlyMars) Early Mars HZ Limit [m]: 3.899625e+28 
(Instellation) Orbit-averaged INcident STELLar radiATION [kg*m^2/sec^2/(m^2*sec)]: -1.000000 
(KEcc) Poincare's k (=e*cos(varpi) []: 0.000000 
(Eccentricity) Orbital Eccentricity []: -1.000000 
(OrbEnergy) Body's Total Orbital Energy [kg*m^2/sec^2]: 0.000000 
(MeanMotion) Orbital Mean Motion [/sec]: -1.000000 
(OrbPeriod) Orbital Period [sec]: -1.000000 
(SemiMajorAxis) Semi-major Axis [m]: -1.000000 
(CriticalSemiMajorAxis) Holman & Wiegert (1999) P-type Critical Semi-major Axis [m]: -1.000000 
(COPP) Climate Obliquity Precession Parameter []: 0.000000 
(OrbAngMom) Orbital Angular Momentum [kg*m^2/sec]: 0.000000 
(LongP) Body's Longitude of pericenter [rad]: 0.000000 
(LXUVTot) Total XUV Luminosity [kg*m^2/sec^2/(m^2*sec)]: 7.801060e+57 
(TotOrbEnergy) System's Total Orbital Energy [kg*m^2/sec^2]: -4.786104e+34 
(OrbPotEnergy) Body's Orbital Potential Energy [kg*m^2/sec^2]: -1.000000 
(LostEnergy) Body's Total Lost Energy [kg*m^2/sec^2]: 5.562685e-309 
(LostAngMom) Lost Angular Momentum due to Magnetic Braking [kg*m^2/sec]: 5.562685e-309 
----- EQTIDE PARAMETERS (sun)------
(LockTime) Time when body tidally locked. [sec]: -1.000000 
(BodyDsemiDtEqtide) In EqTide, the total change in semi-major axis is due to dissipation in both bodies. This output parameter returns the change due to current body. []: -1.000000 
(BodyDeccDt) In EqTide, the total change in eccentricity is due to towrues on both bodies. This output parameter returns the change due to current body. []: -1.000000 
(DOblDtEqtide) Time Rate of Change of Obliquity in EqTide [rad/sec]: 0.000000 
(DRotPerDtEqtide) Time Rate of Change of Rotation Period in EqTide []: 3.628749e-19 
(DRotRateDtEqtide) Time Rate of Change of Rotational Frequency in EqTide [/sec^2]: -3.054283e-28 
(EqRotRateDiscrete) CPL2 Discrete Equilibrium Spin Rate [/sec]: 1.290193e-05 
(EqRotPerDiscrete) CPL2 Discrete Equilibrium Spin Period [sec]: 4.869957e+05 
(EqRotRateCont) CPL2 Continuous Equilibrium Spin Rate [/sec]: 3.232063e-05 
(EqRotPerCont) CPL2 Continuous Equilibrium Rotation Period [sec]: 1.944017e+05 
(EqRotPer) Equilibrium Rotation Period [sec]: 4.869957e+05 
(EqTidePower) Equilibrium Power from Tides [/sec]: 0.000000 
(GammaRot) Gamma_Rotation [sec]: -1.000000 
(GammaOrb) Gamma_Orbital [sec]: -1.000000 
(OceanK2) Ocean's Love number k_2 []: 0.010000 
(EnvTidalQ) Envelope Tidal Q []: -1.000000 
(OceanTidalQ) Ocean Tidal Q []: -1.000000 
(TideLock) Tidally Locked? []: 0.000000 
(RotTimeEqtide) Timescale for Rotational Evolution in EqTide [sec]: 2.380986e+23 
(EnvK2) Envelope's Love number k_2 []: 0.010000 
(OblTimeEqtide) Timescale for Obliquity Evolution in EqTide []: -1.000000 
(PowerEqtide) Internal Power due to Tides in EqTide [kg*m^2/sec^3]: 1.259300e+13 
(SurfEnFluxEqtide) Surface Energy Flux due to Tides in EqTide [kg*m^2/sec^2/(m^2*sec)]: 8.553493e-05 
Tidal Perturbers: c
----- STELLAR PARAMETERS (sun)------
(Luminosity) Luminosity [kg*m^2/sec^3]: 7.801060e+60 
(LXUVStellar) Base X-ray/XUV Luminosity [kg*m^2/sec^3]: 7.801060e+57 
(Temperature) Effective Temperature [K]: 5778.000000 
(LXUVFrac) Fraction of luminosity in XUV []: 0.001000 
(RossbyNumber) Rossby Number []: 0.078260 
(DRotPerDtStellar) Time Rate of Change of Rotation Period in STELLAR []: 2.889133e-12 
Output Order:
Grid Output Order:

----- BODY: c ----
Active Modules: EqTide RadHeat ThermInt
Module Bit Sum: 135
Color: 000000
(Mass) Mass [kg]: 3.643033e+25 
(Obliquity) Obliquity [rad]: 0.000000 
(PrecA) Body's precession angle [rad]: 0.000000 
(Xobl) Body's sin(obliquity)*cos(precession angle) []: 0.000000 
(Yobl) Body's sin(obliquity)*sin(precession angle) []: 0.000000 
(Zobl) Body's cos(obliquity) []: 1.000000 
(Radius) Radius [m]: 8.718863e+06 
(RadGyra) Radius of Gyration/Moment of Inertia Constant []: 0.500000 
(RotAngMom) Rotational Angular Momentum [kg*m^2/sec]: 8.932593e+33 
(RotKinEnergy) Body's Rotational Energy [kg*m^2/sec^2]: 5.762385e+28 
(RotVel) Rotational Velocity [m/sec]: 112.490161 
(BodyType) Type of Body (0 == planet) []: 0.000000 
(RotRate) Rotational Frequency [/sec]: 1.290193e-05 
(RotPer) Rotational Period [sec]: 4.869957e+05 
(Density) Average Density [kg/m^3]: 1.312185e+04 
(SurfEnFluxTotal) Total Surface Energy Flux [W/m^2]: 333.095093 
(TidalQ) Tidal Q []: 17.483941 
(ImK2) Im(k_2) []: -4.530032e-12 
(K2) k_2 []: 1.500000 
(K2Man) Real Love Number k2 Mantle []: 1.500000 
(Imk2Man) Imaginary Love Number k2 Mantle []: -4.530032e-12 
(TidalQMantle) Mantle's Tidal Q []: 17.483941 
(ViscUMan) Upper Mantle Viscosity [m^2/s]: 7.753114e+06 
(HEcc) Poincare's h (=e*sin(varpi) []: 0.000000 
(HZLimitDryRunaway) Semi-major axis of Dry Runaway HZ Limit [m]: 2.295483e+28 
(HZLimRecVenus) Recent Venus HZ Limit [m]: 1.593583e+28 
(HZLimRunaway) Runaway Greenhouse HZ Limit [m]: 2.080916e+28 
(HZLimMoistGreenhouse) Moist Greenhouse HZ Limit [m]: 2.108557e+28 
(HZLimMaxGreenhouse) Maximum Greenhouse HZ Limit [m]: 3.574093e+28 
(HZLimEarlyMars) Early Mars HZ Limit [m]: 3.899625e+28 
(Instellation) Orbit-averaged INcident STELLar radiATION [kg*m^2/sec^2/(m^2*sec)]: 2.074486e+40 
(KEcc) Poincare's k (=e*cos(varpi) []: 0.538776 
(Eccentricity) Orbital Eccentricity []: 0.538776 
(OrbEnergy) Body's Total Orbital Energy [kg*m^2/sec^2]: -4.786104e+34 
(MeanMotion) Orbital Mean Motion [/sec]: 8.601287e-06 
(OrbPeriod) Orbital Period [sec]: 7.304936e+05 
(SemiMajorAxis) Semi-major Axis [m]: 5.959979e+09 
(CriticalSemiMajorAxis) Holman & Wiegert (1999) P-type Critical Semi-major Axis [m]: -1.000000 
(COPP) Climate Obliquity Precession Parameter []: 0.000000 
(OrbAngMom) Orbital Angular Momentum [kg*m^2/sec]: 9.375458e+39 
(LongP) Body's Longitude of pericenter [rad]: 0.000000 
(TotOrbEnergy) System's Total Orbital Energy [kg*m^2/sec^2]: -4.786104e+34 
(OrbPotEnergy) Body's Orbital Potential Energy [kg*m^2/sec^2]: -9.572207e+34 
(LostEnergy) Body's Total Lost Energy [kg*m^2/sec^2]: 5.562685e-309 
----- EQTIDE PARAMETERS (c)------
(TidalRadius) In EqTide, the value of the radius that enters the tidal evolution equations. This parameter is distinct from others, such as the radius of XUV absorption or a pressure level in an atmosphere. [m]: 8.718863e+06 
(DsemiDtEqtide) Total da/dt from EqTide [m/sec]: 3.326033e-13 
(DeccDtEqtide) Total de/dt from EqTide [/sec]: 1.519092e-23 
(DMeanMotionDtEqtide) Total dMeanMotion/dt from EqTide [/sec^2]: -7.200066e-28 
(DOrbPerDtEqtide) Total dOrbPer/dt from EqTide []: 6.114902e-17 
(EccTimeEqtide) Timescale for Eccentricity Evolution (e/[de/dt]) in EqTide [sec]: 3.546695e+22 
(SemiTimeEqtide) Timescale for Semi-major Axis Evolution (a/[da/dt]) in EqTide [sec]: 1.791918e+22 
(DHEccDtEqtide) Time Rate of Change of Poincare's h in EqTide [/sec]: 0.000000 
(DKEccDtEqtide) Time Rate of Change of Poincare's k in EqTide [/sec]: 1.519092e-23 
(DXoblDtEqtide) Time Rate of Change of Laskar's X in EqTide [/sec]: 0.000000 
(DYoblDtEqtide) Time Rate of Change of Laskar's Y in EqTide [/sec]: 0.000000 
(DZoblDtEqtide) Time Rate of Change of Laskar's Z in EqTide [/sec]: 0.000000 
(LockTime) Time when body tidally locked. [sec]: 0.000000 
(BodyDsemiDtEqtide) In EqTide, the total change in semi-major axis is due to dissipation in both bodies. This output parameter returns the change due to current body. []: -1.000000 
(BodyDeccDt) In EqTide, the total change in eccentricity is due to towrues on both bodies. This output parameter returns the change due to current body. []: -1.000000 
(DOblDtEqtide) Time Rate of Change of Obliquity in EqTide [rad/sec]: 0.000000 
(DRotPerDtEqtide) Time Rate of Change of Rotation Period in EqTide []: -2.099689e-298 
(DRotRateDtEqtide) Time Rate of Change of Rotational Frequency in EqTide [/sec^2]: 5.562685e-309 
(EqRotRateDiscrete) CPL2 Discrete Equilibrium Spin Rate [/sec]: 1.290193e-05 
(EqRotPerDiscrete) CPL2 Discrete Equilibrium Spin Period [sec]: 4.869957e+05 
(EqRotRateCont) CPL2 Continuous Equilibrium Spin Rate [/sec]: 3.232063e-05 
(EqRotPerCont) CPL2 Continuous Equilibrium Rotation Period [sec]: 1.944017e+05 
(EqRotPer) Equilibrium Rotation Period [sec]: 4.869957e+05 
(EqTidePower) Equilibrium Power from Tides [/sec]: 1.747226e+09 
(GammaRot) Gamma_Rotation [sec]: -1.000000 
(GammaOrb) Gamma_Orbital [sec]: -1.000000 
(OceanK2) Ocean's Love number k_2 []: 0.010000 
(EnvTidalQ) Envelope Tidal Q []: -1.000000 
(OceanTidalQ) Ocean Tidal Q []: -1.000000 
(TideLock) Tidally Locked? []: 1.000000 
(RotTimeEqtide) Timescale for Rotational Evolution in EqTide [sec]: 2.319371e+303 
(EnvK2) Envelope's Love number k_2 []: 0.010000 
(OblTimeEqtide) Timescale for Obliquity Evolution in EqTide []: -1.000000 
(PowerEqtide) Internal Power due to Tides in EqTide [TW]: 1.559112e-05 
(SurfEnFluxEqtide) Surface Energy Flux due to Tides in EqTide [kg*m^2/sec^2/(m^2*sec)]: 1.632104e-08 
Tidal Perturbers: sun
----- RADHEAT PARAMETERS (c)------
(26AlPowerMan) Total Power Generated by 26Al [kg*m^2/sec^3]: -0.000000 
(26AlPowerCore) Core Power Generated by 26Al [kg*m^2/sec^3]: -0.000000 
(26AlEnFlux) Surface Energy Flux from 26Al [kg*m^2/sec^2/(m^2*sec)]: -0.000000 
(D26AlPowerDt) Time Rate of Change of 26Al Power Generation []: -1.000000 
(D26AlNumManDt) Time Rate of Change of 26Al Heat Generation [/sec]: 0.000000 
(26AlMassMan) Mass of Mantle in 26Al [kg]: 0.000000 
(26AlMassCore) Mass of core in 26Al [kg]: 0.000000 
(26AlNumMan) Total Number of 26Al Atoms []: 0.000000 
(26AlNumCore) Total Core Number of 26Al Atoms []: 0.000000 
(26AlTimescale) Timescale for 26Al Power Generation []: -1.000000 
(26AlPowerTotal) Total Power from Decay of 26Al Atoms [kg*m^2/sec^3]: -0.000000 
(40KPowerMan) Total Power Generated by 40K [kg*m^2/sec^3]: 3.615780e+13 
(40KPowerCore) Core Power Generated by 40K [kg*m^2/sec^3]: 3.385730e+13 
(40KEnFlux) Surface Energy Flux from 40K [kg*m^2/sec^2/(m^2*sec)]: 0.087829 
(D40KPowerDt) Time Rate of Change of 40K Power Generation []: -1.000000 
(D40KNumManDt) Time Rate of Change of 40K Heat Generation [/sec]: -1.694596e+26 
(40KMassMan) Total Mass of 40K [kg]: 6.451091e+17 
(40KMassCore) Total Core Mass of 40K [kg]: 6.040647e+17 
(40KNumMan) Total Number of 40K Atoms []: 9.721094e+42 
(40KNumCore) Total Core Number of 40K Atoms []: 9.102600e+42 
(40KTimescale) Timescale for 40K Power Generation []: -1.000000 
(40KPowerCrust) Crust Power Generated by 40K [kg*m^2/sec^3]: 1.388590e+13 
(40KMassCrust) Total Crust Mass of 40K [kg]: 2.477452e+17 
(40KNumCrust) Total Crust Number of 40K Atoms []: 3.733251e+42 
(40KPowerTotal) Total Power from Decay of 40K Atoms [kg*m^2/sec^3]: 8.390100e+13 
(232ThPowerMan) Total Power Generated by 232Th [kg*m^2/sec^3]: 6.515750e+12 
(232ThPowerCore) Total Power Generated by 232Th [kg*m^2/sec^3]: 1.454100e+11 
(232ThEnFlux) Surface Energy Flux from 232Th [kg*m^2/sec^2/(m^2*sec)]: 0.010982 
(D232ThNumManDt) Time Rate of Change of the number of 232Th nuclei [/sec]: -9.534863e+23 
(232ThMassMan) Total Mass of 232Th [kg]: 2.342183e+17 
(232ThMassCore) Total Mass of 232Th [kg]: 5.226978e+15 
(232ThNumMan) Total Number of 232Th Atoms []: 6.078735e+41 
(232ThNumCore) Total Number of 232Th Atoms []: 1.356573e+40 
(232ThTimescale) Timescale for 232Th Power Generation []: -1.000000 
(232ThPowerCrust) Total Power Generated by 232Th [kg*m^2/sec^3]: 3.829910e+12 
(232ThMassCrust) Total Mass of 232Th [kg]: 1.376718e+17 
(232ThNumCrust) Total Number of 232Th Atoms []: 3.573036e+41 
(232ThPowerTotal) Total Power from Decay of 232Th Atoms [kg*m^2/sec^3]: 1.049107e+13 
(238UPowerMan) Total Power Generated by 238U [kg*m^2/sec^3]: 1.166910e+13 
(238UPowerCore) Total Core Power Generated by 238U [kg*m^2/sec^3]: 1.203810e+11 
(238UEnFlux) Surface Energy Flux due to 238U [kg*m^2/sec^2/(m^2*sec)]: 0.017745 
(D238UNumManDt) Time Rate of Change of the Number of 238U Nuclei [/sec]: -1.408812e+24 
(238UMassMan) Total Mass of 238U [kg]: 1.133820e+17 
(238UMassCore) Total Core Mass of 238U [kg]: 1.169673e+15 
(238UNumMan) Total Number of 238U Atoms []: 2.868305e+41 
(238UNumCore) Total Core Number of 238U Atoms []: 2.959006e+39 
(238UTimescale) Timescale for 238U Power Generation []: -1.000000 
(238UPowerCrust) Total Crust Power Generated by 238U [kg*m^2/sec^3]: 5.162370e+12 
(238UMassCrust) Total Crust Mass of 238U [kg]: 5.015980e+16 
(238UNumCrust) Total Crust Number of 238U Atoms []: 1.268928e+41 
(238UPowerTotal) Total Power from Decay of 238U Atoms [kg*m^2/sec^3]: 1.695185e+13 
(235UPowerMan) Total Power Generated by 235U [kg*m^2/sec^3]: 2.024900e+13 
(235UPowerCore) Total Core Power Generated by 235U [kg*m^2/sec^3]: 5.015860e+11 
(235UEnFlux) Surface Energy Flux due to 235U [kg*m^2/sec^2/(m^2*sec)]: 0.032598 
(D235UNumManDt) Time Rate of Change of the Number of 235U Nuclei [/sec]: -3.089017e+24 
(235UMassMan) Total Mass of 235U [kg]: 3.862657e+16 
(235UMassCore) Total Core Mass of 235U [kg]: 9.568150e+14 
(235UNumMan) Total Number of 235U Atoms []: 9.896646e+40 
(235UNumCore) Total Core Number of 235U Atoms []: 2.451489e+39 
(235UTimescale) Timescale for 235U Power Generation []: -1.000000 
(235UPowerCrust) Total Crust Power Generated by 235U [kg*m^2/sec^3]: 1.038960e+13 
(235UMassCrust) Total Crust Mass of 235U [kg]: 1.981898e+16 
(235UNumCrust) Total Crust Number of 235U Atoms []: 5.077890e+40 
(235UPowerTotal) Total Power from Decay of 235U Atoms [kg*m^2/sec^3]: 3.114019e+13 
(RadPowerMan) Total Power Generated by Radiogenic Nuclides in the mantle [TW]: 74.591650 
(RadPowerCore) Total Power Generated by Radiogenic Nuclides in Core [TW]: 34.624677 
(RadPowerCrust) Total Power Generated by Radiogenic Nuclides in the crust [TW]: 33.267780 
(RadPowerTotal) Total Power Generated by Radiogenic Nuclides in Total (M+C) [TW]: 142.484107 
(SurfEnFluxRadTotal) Total Surface Heat Flux Generated by Radiogenic Nuclides [kg*m^2/sec^2/(m^2*sec)]: 0.149155 
----- THERMINT PARAMETERS (c)------
(TMan) Mantle Temperature [K]: 3500.000000 
(TUMan) Upper Mantle Temperature [K]: 2450.000000 
(TLMan) Lower Mantle Temperature [K]: 4550.000000 
(TCore) Core Temperature [K]: 5500.000000 
(TCMB) CMB Temperature [K]: 4400.000000 
(BLUMan) Boundary Layer Thickness Upper Mantle [km]: 0.017833 
(BLLMan) Boundary Layer Thickness Lower Mantle [km]: 0.521534 
(TJumpUMan) Upper Mantle Temperature Jump [K]: 2150.000000 
(TJumpLMan) Lower Mantle Temperature Jump [K]: 150.000000 
(SignTJumpUMan) Sign of Upper Mantle Temperature Jump []: 1.000000 
(SignTJumpLMan) Sign of Lower Mantle Temperature Jump []: -1.000000 
(ViscLMan) Lower Mantle Viscosity [m^2/s]: 1.353015e+10 
(ShmodUMan) Shear Modulus Upper Mantle []: 95.354299 
(FMeltUMan) Melt Fraction Upper Mantle []: 1.000000 
(FMeltLMan) Melt Fraction Lower Mantle []: 0.807626 
(MeltfactorUMan) Melt Factor Upper Mantle []: 1.925879e+07 
(MeltfactorLMan) Melt Factor Lower Mantle []: 2.207154e+04 
(DepthMeltMan) Depth to base of Upper Mantle Melt Region []: 2.551889e+06 
(TDepthMeltMan) Temp at base of Upper Mantle Melt Region []: 3725.935396 
(TJumpMeltMan) Temp Jump across Upper Mantle Melt Region []: 2149.991083 
(MeltMassFluxMan) Mantle Melt Mass Flux [kg/s]: 1.101581e+11 
(ViscUManArr) Upper Mantle Arrhenius Viscosity [m^2/sec]: 1.493156e+14 
(RayleighMan) Mantle Rayleigh Number [nd]: 3.005042e+17 
(ViscMMan) Average (mid) Mantle Viscosity [m^2/sec]: 7.753114e+07 
(TDotMan) Change in Mantle Temperature [K/s]: -4.878183e-11 
(TDotCore) Change in Core Temperature [K/s]: 2.897543e-13 
(HfluxUMan) Heat Flux Upper Mantle []: 506.363430 
(HflowUMan) Heat Flow Upper Mantle [TW]: 2.582780e+05 
(HfluxLMan) Heat Flux Lower Mantle []: -2.876130 
(HflowLMan) Heat Flow Lower Mantle []: -4.379520e+14 
(HfluxCMB) Heat Flux Core-Mantle Boundary []: -2.876130 
(HflowCMB) Heat Flow Core-Mantle Boundary [TW]: -437.951969 
(HflowLatentMan) Latent Heat Flow Mantle []: 7.111567e+16 
(HflowMeltMan) Melt Heat Flow Mantle [TW]: 5.992025e+04 
(HflowLatentIC) Latent Heat Release at ICB []: 0.000000 
(PowerGravIC) Gravitational Power Release at ICB []: 0.000000 
(HflowSurf) Heat Flow Surface Total [TW]: 3.181982e+05 
(HflowSecMan) Mantle Secular Heat Flow [TW]: 2.474459e+05 
(HfluxCMBAd) Adiabatic Heat Flux Core-Mantle Boundary []: 0.041915 
(HfluxCMBConv) Super-Adiabatic (convective) Heat Flux Core-Mantle Boundary []: -2.918046 
(RIC) Inner Core Radius [km]: 0.000000 
(DRICDTCMB) d(R_ic)/d(T_cmb) []: 0.000000 
(RICDot) Inner Core growth rate []: 0.000000 
(ChiOC) Light Element Concentration in Outer Core []: 0.094946 
(ChiIC) Light Element Concentration in Inner Core []: 0.000000 
(ThermConductOC) Thermal Conductivity of the Outer Core []: 110.000000 
(MassOC) Mass of Outer Core []: 1.941615e+24 
(MassIC) Mass of Inner Core []: 0.000000 
(MassChiOC) Mass of Chi in Outer Core []: 1.843482e+23 
(MassChiIC) Mass of Chi in Inner Core []: 0.000000 
(DTChi) Core Liquidus Depression []: 0.000000 
(CoreBuoyTherm) Core Thermal Buoyancy Flux [m^2/s^3]: -3.350859e-11 
(CoreBuoyCompo) Core Compositional Buoyancy Flux [m^2/s^3]: 0.000000 
(CoreBuoyTotal) Core Total Buoyancy Flux [m^2/s^3]: -3.350859e-11 
(GravICB) ICB Gravity []: 0.000000 
(MagMom) Core Magnetic Moment [EMAGMOM]: 0.000000 
(PresSWind) Stellar wind pressure at body []: 2.676100e-09 
(MagPauseRad) Magnetopause Radius [EMAGPAUSERAD]: 0.000000 
(ViscJumpMan) Mantle Viscosity Ratio []: 2.000000 
(EruptEff) Mantle Melt Eruption Efficiency []: 0.200000 
(TrefLind) Core Liquidus Lindeman Reference []: 5600.000000 
(DynViscUMan) Upper Mantle's Dynamic Viscosity [kg*m^2/sec^2]: 1.938278e+08 
(TsolUMan) Upper Mantle Thermal Boundary Layer Solidus Temperature []: 1449.472507 
Output Order: Time[Gyr] TMan[K] TUMan[K] TLMan[K] TCMB[K] TCore[K] HflowUMan[TW] HflowMeltMan[TW] RadPowerMan[TW] RadPowerCore[TW] RadPowerCrust[TW] HflowCMB[TW] HflowSecMan[TW] HflowSurf[TW] TDotMan[K/s] TDotCore[K/s] TJumpLMan[K] TJumpUMan[K] RIC[km] RayleighMan[nd] ViscUMan[m^2/s] ViscLMan[m^2/s] MeltMassFluxMan[kg/s] FMeltUMan[kg/s] MagMom[EMAGMOM] CoreBuoyTherm[m^2/s^3] CoreBuoyCompo[m^2/s^3] CoreBuoyTotal[m^2/s^3] MagPauseRad[EMAGPAUSERAD] BLUMan[km] BLLMan[km] K2[] ImK2[] SemiMajorAxis[au] Eccentricity[] ShmodUMan[] MeanMotion[/year] ViscUManArr[au^2/year] ChiOC[au^2/year] ChiIC[au^2/year] MassChiOC[Msun] MassChiIC[Msun] MassOC[Msun] MassIC[Msun] RadPowerTotal[TW] SurfEnFluxEqtide[Msun*au^2/year^2/(au^2*year)] PowerEqtide[TW] TideLock[TW] TidalQ[] SurfEnFluxTotal[W/m^2]
Grid Output Order:



---- FINAL SYSTEM PROPERTIES ----
(Age) System Age [sec]: 2.272147e+17 
(Time) Simulation Time [sec]: 2.272147e+17 
(TotAngMom) Total Angular Momentum [kg*m^2/sec]: 5.926927e+40 
(TotEnergy) Total System Energy [kg*m^2/sec^2]: -2.036614e+40 
(PotEnergy) Body's non-orbital Potential Energy [kg*m^2/sec^2]: -2.036790e+40 
(KinEnergy) Body's non-orbital Kinetic Energy [kg*m^2/sec^2]: 2.790345e+32 
(DeltaTime) Average Timestep Over Last Output Interval [sec]: 3.155760e+12 

----- BODY: sun ----
Active Modules: EqTide STELLAR
Module Bit Sum: 67
Color: 000000
(Mass) Mass [kg]: 2.346331e+29 
(Obliquity) Obliquity [rad]: 0.000000 
(PrecA) Body's precession angle [rad]: 0.000000 
(Xobl) Body's sin(obliquity)*cos(precession angle) []: 0.000000 
(Yobl) Body's sin(obliquity)*sin(precession angle) []: 0.000000 
(Zobl) Body's cos(obliquity) []: 1.000000 
(Radius) Radius [m]: 1.082400e+08 
(RadGyra) Radius of Gyration/Moment of Inertia Constant []: 0.500000 
(RotAngMom) Rotational Angular Momentum [kg*m^2/sec]: 6.192936e+38 
(RotKinEnergy) Body's Rotational Energy [kg*m^2/sec^2]: 2.790345e+32 
(RotVel) Rotational Velocity [m/sec]: 97.539234 
(BodyType) Type of Body (0 == planet) []: 0.000000 
(RotRate) Rotational Frequency [/sec]: 9.011382e-07 
(RotPer) Rotational Period [sec]: 6.972499e+06 
(Density) Average Density [kg/m^3]: 4.417095e+04 
(SurfEnFluxTotal) Total Surface Energy Flux [kg*m^2/sec^2/(m^2*sec)]: 2.206130e-05 
(TidalQ) Tidal Q []: 1.000000e+06 
(ImK2) Im(k_2) []: -1.500000e-06 
(K2) k_2 []: 1.500000 
(K2Man) Real Love Number k2 Mantle []: 0.010000 
(Imk2Man) Imaginary Love Number k2 Mantle []: 0.000000 
(TidalQMantle) Mantle's Tidal Q []: 100.000000 
(HEcc) Poincare's h (=e*sin(varpi) []: 0.000000 
(HZLimitDryRunaway) Semi-major axis of Dry Runaway HZ Limit [m]: 1.933828e+28 
(HZLimRecVenus) Recent Venus HZ Limit [m]: 1.593583e+28 
(HZLimRunaway) Runaway Greenhouse HZ Limit [m]: 2.080916e+28 
(HZLimMoistGreenhouse) Moist Greenhouse HZ Limit [m]: 2.108557e+28 
(HZLimMaxGreenhouse) Maximum Greenhouse HZ Limit [m]: 3.574093e+28 
(HZLimEarlyMars) Early Mars HZ Limit [m]: 3.899625e+28 
(Instellation) Orbit-averaged INcident STELLar radiATION [kg*m^2/sec^2/(m^2*sec)]: -1.000000 
(KEcc) Poincare's k (=e*cos(varpi) []: 0.000000 
(Eccentricity) Orbital Eccentricity []: -1.000000 
(OrbEnergy) Body's Total Orbital Energy [kg*m^2/sec^2]: 0.000000 
(MeanMotion) Orbital Mean Motion [/sec]: -1.000000 
(OrbPeriod) Orbital Period [sec]: -1.000000 
(SemiMajorAxis) Semi-major Axis [m]: -1.000000 
(CriticalSemiMajorAxis) Holman & Wiegert (1999) P-type Critical Semi-major Axis [m]: -1.000000 
(COPP) Climate Obliquity Precession Parameter []: 0.000000 
(OrbAngMom) Orbital Angular Momentum [kg*m^2/sec]: 0.000000 
(LongP) Body's Longitude of pericenter [rad]: 0.000000 
(LXUVTot) Total XUV Luminosity [kg*m^2/sec^2/(m^2*sec)]: 4.051676e+55 
(TotOrbEnergy) System's Total Orbital Energy [kg*m^2/sec^2]: -4.905632e+34 
(OrbPotEnergy) Body's Orbital Potential Energy [kg*m^2/sec^2]: -1.000000 
(LostEnergy) Body's Total Lost Energy [kg*m^2/sec^2]: 1.816941e+36 
(LostAngMom) Lost Angular Momentum due to Magnetic Braking [kg*m^2/sec]: 4.935787e+40 
----- EQTIDE PARAMETERS (sun)------
(LockTime) Time when body tidally locked. [sec]: -1.000000 
(BodyDsemiDtEqtide) In EqTide, the total change in semi-major axis is due to dissipation in both bodies. This output parameter returns the change due to current body. []: -1.000000 
(BodyDeccDt) In EqTide, the total change in eccentricity is due to towrues on both bodies. This output parameter returns the change due to current body. []: -1.000000 
(DOblDtEqtide) Time Rate of Change of Obliquity in EqTide [rad/sec]: 0.000000 
(DRotPerDtEqtide) Time Rate of Change of Rotation Period in EqTide []: -2.708856e-15 
(DRotRateDtEqtide) Time Rate of Change of Rotational Frequency in EqTide [/sec^2]: 3.500974e-28 
(EqRotRateDiscrete) CPL2 Discrete Equilibrium Spin Rate [/sec]: 1.338826e-05 
(EqRotPerDiscrete) CPL2 Discrete Equilibrium Spin Period [sec]: 4.693057e+05 
(EqRotRateCont) CPL2 Continuous Equilibrium Spin Rate [/sec]: 3.312795e-05 
(EqRotPerCont) CPL2 Continuous Equilibrium Rotation Period [sec]: 1.896642e+05 
(EqRotPer) Equilibrium Rotation Period [sec]: 4.693057e+05 
(EqTidePower) Equilibrium Power from Tides [/sec]: 0.000000 
(GammaRot) Gamma_Rotation [sec]: -1.000000 
(GammaOrb) Gamma_Orbital [sec]: -1.000000 
(OceanK2) Ocean's Love number k_2 []: 0.010000 
(EnvTidalQ) Envelope Tidal Q []: -1.000000 
(OceanTidalQ) Ocean Tidal Q []: -1.000000 
(TideLock) Tidally Locked? []: 0.000000 
(RotTimeEqtide) Timescale for Rotational Evolution in EqTide [sec]: 2.573964e+21 
(EnvK2) Envelope's Love number k_2 []: 0.010000 
(OblTimeEqtide) Timescale for Obliquity Evolution in EqTide []: -1.000000 
(PowerEqtide) Internal Power due to Tides in EqTide [kg*m^2/sec^3]: 3.248006e+12 
(SurfEnFluxEqtide) Surface Energy Flux due to Tides in EqTide [kg*m^2/sec^2/(m^2*sec)]: 2.206130e-05 
Tidal Perturbers: c
----- STELLAR PARAMETERS (sun)------
(Luminosity) Luminosity [kg*m^2/sec^3]: 7.801060e+60 
(LXUVStellar) Base X-ray/XUV Luminosity [kg*m^2/sec^3]: 4.051676e+55 
(Temperature) Effective Temperature [K]: 5778.000000 
(LXUVFrac) Fraction of luminosity in XUV []: 5.193750e-06 
(RossbyNumber) Rossby Number []: 6.315571 
(DRotPerDtStellar) Time Rate of Change of Rotation Period in STELLAR []: 1.401271e-11 
Output Order:
Grid Output Order:

----- BODY: c ----
Active Modules: EqTide RadHeat ThermInt
Module Bit Sum: 135
Color: 000000
(Mass) Mass [kg]: 3.643033e+25 
(Obliquity) Obliquity [rad]: 0.000000 
(PrecA) Body's precession angle [rad]: 0.000000 
(Xobl) Body's sin(obliquity)*cos(precession angle) []: 0.000000 
(Yobl) Body's sin(obliquity)*sin(precession angle) []: 0.000000 
(Zobl) Body's cos(obliquity) []: 1.000000 
(Radius) Radius [m]: 8.718863e+06 
(RadGyra) Radius of Gyration/Moment of Inertia Constant []: 0.500000 
(RotAngMom) Rotational Angular Momentum [kg*m^2/sec]: 9.269299e+33 
(RotKinEnergy) Body's Rotational Energy [kg*m^2/sec^2]: 6.204988e+28 
(RotVel) Rotational Velocity [m/sec]: 116.730374 
(BodyType) Type of Body (0 == planet) []: 0.000000 
(RotRate) Rotational Frequency [/sec]: 1.338826e-05 
(RotPer) Rotational Period [sec]: 4.693057e+05 
(Density) Average Density [kg/m^3]: 1.312185e+04 
(SurfEnFluxTotal) Total Surface Energy Flux [W/m^2]: 0.236825 
(TidalQ) Tidal Q []: 123.231743 
(ImK2) Im(k_2) []: -4.375895e-05 
(K2) k_2 []: 1.494588 
(K2Man) Real Love Number k2 Mantle []: 1.494588 
(Imk2Man) Imaginary Love Number k2 Mantle []: -4.375895e-05 
(TidalQMantle) Mantle's Tidal Q []: 123.231743 
(ViscUMan) Upper Mantle Viscosity [m^2/s]: 3.599885e+15 
(HEcc) Poincare's h (=e*sin(varpi) []: 0.000000 
(HZLimitDryRunaway) Semi-major axis of Dry Runaway HZ Limit [m]: 2.287684e+28 
(HZLimRecVenus) Recent Venus HZ Limit [m]: 1.593583e+28 
(HZLimRunaway) Runaway Greenhouse HZ Limit [m]: 2.080916e+28 
(HZLimMoistGreenhouse) Moist Greenhouse HZ Limit [m]: 2.108557e+28 
(HZLimMaxGreenhouse) Maximum Greenhouse HZ Limit [m]: 3.574093e+28 
(HZLimEarlyMars) Early Mars HZ Limit [m]: 3.899625e+28 
(Instellation) Orbit-averaged INcident STELLar radiATION [kg*m^2/sec^2/(m^2*sec)]: 2.171992e+40 
(KEcc) Poincare's k (=e*cos(varpi) []: 0.534258 
(Eccentricity) Orbital Eccentricity []: 0.534258 
(OrbEnergy) Body's Total Orbital Energy [kg*m^2/sec^2]: -4.905632e+34 
(MeanMotion) Orbital Mean Motion [/sec]: 8.925505e-06 
(OrbPeriod) Orbital Period [sec]: 7.039586e+05 
(SemiMajorAxis) Semi-major Axis [m]: 5.814761e+09 
(CriticalSemiMajorAxis) Holman & Wiegert (1999) P-type Critical Semi-major Axis [m]: -1.000000 
(COPP) Climate Obliquity Precession Parameter []: 0.000000 
(OrbAngMom) Orbital Angular Momentum [kg*m^2/sec]: 9.292102e+39 
(LongP) Body's Longitude of pericenter [rad]: 0.000000 
(TotOrbEnergy) System's Total Orbital Energy [kg*m^2/sec^2]: -4.905632e+34 
(OrbPotEnergy) Body's Orbital Potential Energy [kg*m^2/sec^2]: -9.811265e+34 
(LostEnergy) Body's Total Lost Energy [kg*m^2/sec^2]: 4.046776e+31 
----- EQTIDE PARAMETERS (c)------
(TidalRadius) In EqTide, the value of the radius that enters the tidal evolution equations. This parameter is distinct from others, such as the radius of XUV absorption or a pressure level in an atmosphere. [m]: 8.718863e+06 
(DsemiDtEqtide) Total da/dt from EqTide [m/sec]: -6.649484e-10 
(DeccDtEqtide) Total de/dt from EqTide [/sec]: -2.103254e-20 
(DMeanMotionDtEqtide) Total dMeanMotion/dt from EqTide [/sec^2]: 1.531017e-24 
(DOrbPerDtEqtide) Total dOrbPer/dt from EqTide []: -1.207520e-13 
(EccTimeEqtide) Timescale for Eccentricity Evolution (e/[de/dt]) in EqTide [sec]: 0.000000 
(SemiTimeEqtide) Timescale for Semi-major Axis Evolution (a/[da/dt]) in EqTide [sec]: 0.000000 
(DHEccDtEqtide) Time Rate of Change of Poincare's h in EqTide [/sec]: -0.000000 
(DKEccDtEqtide) Time Rate of Change of Poincare's k in EqTide [/sec]: -2.103254e-20 
(DXoblDtEqtide) Time Rate of Change of Laskar's X in EqTide [/sec]: 0.000000 
(DYoblDtEqtide) Time Rate of Change of Laskar's Y in EqTide [/sec]: 0.000000 
(DZoblDtEqtide) Time Rate of Change of Laskar's Z in EqTide [/sec]: 0.000000 
(LockTime) Time when body tidally locked. [sec]: 0.000000 
(BodyDsemiDtEqtide) In EqTide, the total change in semi-major axis is due to dissipation in both bodies. This output parameter returns the change due to current body. []: -1.000000 
(BodyDeccDt) In EqTide, the total change in eccentricity is due to towrues on both bodies. This output parameter returns the change due to current body. []: -1.000000 
(DOblDtEqtide) Time Rate of Change of Obliquity in EqTide [rad/sec]: 0.000000 
(DRotPerDtEqtide) Time Rate of Change of Rotation Period in EqTide []: -1.949917e-298 
(DRotRateDtEqtide) Time Rate of Change of Rotational Frequency in EqTide [/sec^2]: 5.562685e-309 
(EqRotRateDiscrete) CPL2 Discrete Equilibrium Spin Rate [/sec]: 1.338826e-05 
(EqRotPerDiscrete) CPL2 Discrete Equilibrium Spin Period [sec]: 4.693057e+05 
(EqRotRateCont) CPL2 Continuous Equilibrium Spin Rate [/sec]: 3.312795e-05 
(EqRotPerCont) CPL2 Continuous Equilibrium Rotation Period [sec]: 1.896642e+05 
(EqRotPer) Equilibrium Rotation Period [sec]: 4.693057e+05 
(EqTidePower) Equilibrium Power from Tides [/sec]: 1.969205e+16 
(GammaRot) Gamma_Rotation [sec]: -1.000000 
(GammaOrb) Gamma_Orbital [sec]: -1.000000 
(OceanK2) Ocean's Love number k_2 []: 0.010000 
(EnvTidalQ) Envelope Tidal Q []: -1.000000 
(OceanTidalQ) Ocean Tidal Q []: -1.000000 
(TideLock) Tidally Locked? []: 1.000000 
(RotTimeEqtide) Timescale for Rotational Evolution in EqTide [sec]: 2.406798e+303 
(EnvK2) Envelope's Love number k_2 []: 0.010000 
(OblTimeEqtide) Timescale for Obliquity Evolution in EqTide []: -1.000000 
(PowerEqtide) Internal Power due to Tides in EqTide [TW]: 201.613701 
(SurfEnFluxEqtide) Surface Energy Flux due to Tides in EqTide [kg*m^2/sec^2/(m^2*sec)]: 0.211053 
Tidal Perturbers: sun
----- RADHEAT PARAMETERS (c)------
(26AlPowerMan) Total Power Generated by 26Al [kg*m^2/sec^3]: -0.000000 
(26AlPowerCore) Core Power Generated by 26Al [kg*m^2/sec^3]: -0.000000 
(26AlEnFlux) Surface Energy Flux from 26Al [kg*m^2/sec^2/(m^2*sec)]: -0.000000 
(D26AlPowerDt) Time Rate of Change of 26Al Power Generation []: -1.000000 
(D26AlNumManDt) Time Rate of Change of 26Al Heat Generation [/sec]: 0.000000 
(26AlMassMan) Mass of Mantle in 26Al [kg]: 0.000000 
(26AlMassCore) Mass of core in 26Al [kg]: 0.000000 
(26AlNumMan) Total Number of 26Al Atoms []: 0.000000 
(26AlNumCore) Total Core Number of 26Al Atoms []: 0.000000 
(26AlTimescale) Timescale for 26Al Power Generation []: -1.000000 
(26AlPowerTotal) Total Power from Decay of 26Al Atoms [kg*m^2/sec^3]: -0.000000 
(40KPowerMan) Total Power Generated by 40K [kg*m^2/sec^3]: 6.887008e+11 
(40KPowerCore) Core Power Generated by 40K [kg*m^2/sec^3]: 6.448829e+11 
(40KEnFlux) Surface Energy Flux from 40K [kg*m^2/sec^2/(m^2*sec)]: 0.001673 
(D40KPowerDt) Time Rate of Change of 40K Power Generation []: -1.000000 
(D40KNumManDt) Time Rate of Change of 40K Heat Generation [/sec]: -3.227711e+24 
(40KMassMan) Total Mass of 40K [kg]: 1.227055e+16 
(40KMassCore) Total Core Mass of 40K [kg]: 1.148985e+16 
(40KNumMan) Total Number of 40K Atoms []: 1.849039e+41 
(40KNumCore) Total Core Number of 40K Atoms []: 1.731396e+41 
(40KTimescale) Timescale for 40K Power Generation []: -1.000000 
(40KPowerCrust) Crust Power Generated by 40K [kg*m^2/sec^3]: 2.644859e+11 
(40KMassCrust) Total Crust Mass of 40K [kg]: 4.712333e+15 
(40KNumCrust) Total Crust Number of 40K Atoms []: 7.100975e+40 
(40KPowerTotal) Total Power from Decay of 40K Atoms [kg*m^2/sec^3]: 1.598070e+12 
(232ThPowerMan) Total Power Generated by 232Th [kg*m^2/sec^3]: 4.562279e+12 
(232ThPowerCore) Total Power Generated by 232Th [kg*m^2/sec^3]: 1.018150e+11 
(232ThEnFlux) Surface Energy Flux from 232Th [kg*m^2/sec^2/(m^2*sec)]: 0.007690 
(D232ThNumManDt) Time Rate of Change of the number of 232Th nuclei [/sec]: -6.676239e+23 
(232ThMassMan) Total Mass of 232Th [kg]: 1.639977e+17 
(232ThMassCore) Total Mass of 232Th [kg]: 3.659887e+15 
(232ThNumMan) Total Number of 232Th Atoms []: 4.256280e+41 
(232ThNumCore) Total Number of 232Th Atoms []: 9.498610e+39 
(232ThTimescale) Timescale for 232Th Power Generation []: -1.000000 
(232ThPowerCrust) Total Power Generated by 232Th [kg*m^2/sec^3]: 2.681674e+12 
(232ThMassCrust) Total Mass of 232Th [kg]: 9.639665e+16 
(232ThNumCrust) Total Number of 232Th Atoms []: 2.501810e+41 
(232ThPowerTotal) Total Power from Decay of 232Th Atoms [kg*m^2/sec^3]: 7.345768e+12 
(238UPowerMan) Total Power Generated by 238U [kg*m^2/sec^3]: 3.822652e+12 
(238UPowerCore) Total Core Power Generated by 238U [kg*m^2/sec^3]: 3.943531e+10 
(238UEnFlux) Surface Energy Flux due to 238U [kg*m^2/sec^2/(m^2*sec)]: 0.005813 
(D238UNumManDt) Time Rate of Change of the Number of 238U Nuclei [/sec]: -4.615092e+23 
(238UMassMan) Total Mass of 238U [kg]: 3.714194e+16 
(238UMassCore) Total Core Mass of 238U [kg]: 3.831644e+14 
(238UNumMan) Total Number of 238U Atoms []: 9.396061e+40 
(238UNumCore) Total Core Number of 238U Atoms []: 9.693184e+38 
(238UTimescale) Timescale for 238U Power Generation []: -1.000000 
(238UPowerCrust) Total Crust Power Generated by 238U [kg*m^2/sec^3]: 1.691128e+12 
(238UMassCrust) Total Crust Mass of 238U [kg]: 1.643147e+16 
(238UNumCrust) Total Crust Number of 238U Atoms []: 4.156786e+40 
(238UPowerTotal) Total Power from Decay of 238U Atoms [kg*m^2/sec^3]: 5.553215e+12 
(235UPowerMan) Total Power Generated by 235U [kg*m^2/sec^3]: 1.684175e+10 
(235UPowerCore) Total Core Power Generated by 235U [kg*m^2/sec^3]: 4.171854e+08 
(235UEnFlux) Surface Energy Flux due to 235U [kg*m^2/sec^2/(m^2*sec)]: 2.711286e-05 
(D235UNumManDt) Time Rate of Change of the Number of 235U Nuclei [/sec]: -2.569236e+21 
(235UMassMan) Total Mass of 235U [kg]: 3.032190e+13 
(235UMassCore) Total Core Mass of 235U [kg]: 7.511008e+11 
(235UNumMan) Total Number of 235U Atoms []: 7.768878e+37 
(235UNumCore) Total Core Number of 235U Atoms []: 1.924421e+36 
(235UTimescale) Timescale for 235U Power Generation []: -1.000000 
(235UPowerCrust) Total Crust Power Generated by 235U [kg*m^2/sec^3]: 8.641368e+09 
(235UMassCrust) Total Crust Mass of 235U [kg]: 1.555792e+13 
(235UNumCrust) Total Crust Number of 235U Atoms []: 3.986149e+37 
(235UPowerTotal) Total Power from Decay of 235U Atoms [kg*m^2/sec^3]: 2.590030e+10 
(RadPowerMan) Total Power Generated by Radiogenic Nuclides in the mantle [TW]: 9.090473 
(RadPowerCore) Total Power Generated by Radiogenic Nuclides in Core [TW]: 0.786550 
(RadPowerCrust) Total Power Generated by Radiogenic Nuclides in the crust [TW]: 4.645930 
(RadPowerTotal) Total Power Generated by Radiogenic Nuclides in Total (M+C) [TW]: 14.523166 
(SurfEnFluxRadTotal) Total Surface Heat Flux Generated by Radiogenic Nuclides [kg*m^2/sec^2/(m^2*sec)]: 0.015203 
----- THERMINT PARAMETERS (c)------
(TMan) Mantle Temperature [K]: 2517.526935 
(TUMan) Upper Mantle Temperature [K]: 1762.268854 
(TLMan) Lower Mantle Temperature [K]: 3272.785015 
(TCore) Core Temperature [K]: 4881.095563 
(TCMB) CMB Temperature [K]: 3904.876450 
(BLUMan) Boundary Layer Thickness Upper Mantle [km]: 15.702422 
(BLLMan) Boundary Layer Thickness Lower Mantle [km]: 61.519366 
(TJumpUMan) Upper Mantle Temperature Jump [K]: 1462.268854 
(TJumpLMan) Lower Mantle Temperature Jump [K]: 632.091435 
(SignTJumpUMan) Sign of Upper Mantle Temperature Jump []: 1.000000 
(SignTJumpLMan) Sign of Lower Mantle Temperature Jump []: 1.000000 
(ViscLMan) Lower Mantle Viscosity [m^2/s]: 9.357868e+16 
(ShmodUMan) Shear Modulus Upper Mantle []: 6.518367e+09 
(FMeltUMan) Melt Fraction Upper Mantle []: 0.580801 
(FMeltLMan) Melt Fraction Lower Mantle []: 0.000000 
(MeltfactorUMan) Melt Factor Upper Mantle []: 12.997454 
(MeltfactorLMan) Melt Factor Lower Mantle []: 1.000000 
(DepthMeltMan) Depth to base of Upper Mantle Melt Region []: 4.080173e+05 
(TDepthMeltMan) Temp at base of Upper Mantle Melt Region []: 1958.426278 
(TJumpMeltMan) Temp Jump across Upper Mantle Melt Region []: 1454.417643 
(MeltMassFluxMan) Mantle Melt Mass Flux [kg/s]: 7.266121e+07 
(ViscUManArr) Upper Mantle Arrhenius Viscosity [m^2/sec]: 4.678934e+16 
(RayleighMan) Mantle Rayleigh Number [nd]: 5.893342e+08 
(ViscMMan) Average (mid) Mantle Viscosity [m^2/sec]: 3.599885e+16 
(TDotMan) Change in Mantle Temperature [K/s]: 2.293757e-17 
(TDotCore) Change in Core Temperature [K/s]: -1.219800e-15 
(HfluxUMan) Heat Flux Upper Mantle []: 0.391120 
(HflowUMan) Heat Flow Upper Mantle [TW]: 199.496344 
(HfluxLMan) Heat Flux Lower Mantle []: 0.102747 
(HflowLMan) Heat Flow Lower Mantle []: 1.564537e+13 
(HfluxCMB) Heat Flux Core-Mantle Boundary []: 0.102747 
(HflowCMB) Heat Flow Core-Mantle Boundary [TW]: 15.645374 
(HflowLatentMan) Latent Heat Flow Mantle []: 0.000000 
(HflowMeltMan) Melt Heat Flow Mantle [TW]: 26.736976 
(HflowLatentIC) Latent Heat Release at ICB []: 1.436326e+13 
(PowerGravIC) Gravitational Power Release at ICB []: 5.745306e+12 
(HflowSurf) Heat Flow Surface Total [TW]: 226.233320 
(HflowSecMan) Mantle Secular Heat Flow [TW]: -0.116351 
(HfluxCMBAd) Adiabatic Heat Flux Core-Mantle Boundary []: 0.033013 
(HfluxCMBConv) Super-Adiabatic (convective) Heat Flux Core-Mantle Boundary []: 0.069734 
(RIC) Inner Core Radius [km]: 3285.784612 
(DRICDTCMB) d(R_ic)/d(T_cmb) []: -7121.264867 
(RICDot) Inner Core growth rate []: 6.949293e-12 
(ChiOC) Light Element Concentration in Outer Core []: 0.000954 
(ChiIC) Light Element Concentration in Inner Core []: 0.095426 
(ThermConductOC) Thermal Conductivity of the Outer Core []: 97.621911 
(MassOC) Mass of Outer Core []: 9.873094e+21 
(MassIC) Mass of Inner Core []: 1.931742e+24 
(MassChiOC) Mass of Chi in Outer Core []: 9.421519e+18 
(MassChiIC) Mass of Chi in Inner Core []: 1.843388e+23 
(DTChi) Core Liquidus Depression []: 0.000000 
(CoreBuoyTherm) Core Thermal Buoyancy Flux [m^2/s^3]: 8.007730e-13 
(CoreBuoyCompo) Core Compositional Buoyancy Flux [m^2/s^3]: 3.946274e-12 
(CoreBuoyTotal) Core Total Buoyancy Flux [m^2/s^3]: 4.747047e-12 
(GravICB) ICB Gravity []: 10.005549 
(MagMom) Core Magnetic Moment [EMAGMOM]: 0.662070 
(PresSWind) Stellar wind pressure at body []: 2.676100e-09 
(MagPauseRad) Magnetopause Radius [EMAGPAUSERAD]: 0.871617 
(ViscJumpMan) Mantle Viscosity Ratio []: 2.000000 
(EruptEff) Mantle Melt Eruption Efficiency []: 0.200000 
(TrefLind) Core Liquidus Lindeman Reference []: 5600.000000 
(DynViscUMan) Upper Mantle's Dynamic Viscosity [kg*m^2/sec^2]: 8.999713e+16 
(TsolUMan) Upper Mantle Thermal Boundary Layer Solidus Temperature []: 1471.868288 
Output Order: Time[Gyr] TMan[K] TUMan[K] TLMan[K] TCMB[K] TCore[K] HflowUMan[TW] HflowMeltMan[TW] RadPowerMan[TW] RadPowerCore[TW] RadPowerCrust[TW] HflowCMB[TW] HflowSecMan[TW] HflowSurf[TW] TDotMan[K/s] TDotCore[K/s] TJumpLMan[K] TJumpUMan[K] RIC[km] RayleighMan[nd] ViscUMan[m^2/s] ViscLMan[m^2/s] MeltMassFluxMan[kg/s] FMeltUMan[kg/s] MagMom[EMAGMOM] CoreBuoyTherm[m^2/s^3] CoreBuoyCompo[m^2/s^3] CoreBuoyTotal[m^2/s^3] MagPauseRad[EMAGPAUSERAD] BLUMan[km] BLLMan[km] K2[] ImK2[] SemiMajorAxis[au] Eccentricity[] ShmodUMan[] MeanMotion[/year] ViscUManArr[au^2/year] ChiOC[au^2/year] ChiIC[au^2/year] MassChiOC[Msun] MassChiIC[Msun] MassOC[Msun] MassIC[Msun] RadPowerTotal[TW] SurfEnFluxEqtide[Msun*au^2/year^2/(au^2*year)] PowerEqtide[TW] TideLock[TW] TidalQ[] SurfEnFluxTotal[W/m^2]
Grid Output Order:
